{"total": {"lines":{"total":1724,"covered":0,"skipped":0,"pct":0},"statements":{"total":1744,"covered":0,"skipped":0,"pct":0},"functions":{"total":331,"covered":0,"skipped":0,"pct":0},"branches":{"total":884,"covered":0,"skipped":0,"pct":0},"branchesTrue":{"total":0,"covered":0,"skipped":0,"pct":100}}
,"C:\\Users\\harsh\\Downloads\\attention-trainer-extension\\src\\background\\background-full.js": {"lines":{"total":145,"covered":0,"skipped":0,"pct":0},"functions":{"total":22,"covered":0,"skipped":0,"pct":0},"statements":{"total":145,"covered":0,"skipped":0,"pct":0},"branches":{"total":70,"covered":0,"skipped":0,"pct":0}}
,"C:\\Users\\harsh\\Downloads\\attention-trainer-extension\\src\\background\\background-simple.js": {"lines":{"total":4,"covered":0,"skipped":0,"pct":0},"functions":{"total":1,"covered":0,"skipped":0,"pct":0},"statements":{"total":4,"covered":0,"skipped":0,"pct":0},"branches":{"total":0,"covered":0,"skipped":0,"pct":100}}
,"C:\\Users\\harsh\\Downloads\\attention-trainer-extension\\src\\background\\background.js": {"lines":{"total":209,"covered":0,"skipped":0,"pct":0},"functions":{"total":29,"covered":0,"skipped":0,"pct":0},"statements":{"total":209,"covered":0,"skipped":0,"pct":0},"branches":{"total":126,"covered":0,"skipped":0,"pct":0}}
,"C:\\Users\\harsh\\Downloads\\attention-trainer-extension\\src\\content\\content.js": {"lines":{"total":520,"covered":0,"skipped":0,"pct":0},"functions":{"total":92,"covered":0,"skipped":0,"pct":0},"statements":{"total":527,"covered":0,"skipped":0,"pct":0},"branches":{"total":257,"covered":0,"skipped":0,"pct":0}}
,"C:\\Users\\harsh\\Downloads\\attention-trainer-extension\\src\\dashboard\\dashboard.js": {"lines":{"total":147,"covered":0,"skipped":0,"pct":0},"functions":{"total":30,"covered":0,"skipped":0,"pct":0},"statements":{"total":150,"covered":0,"skipped":0,"pct":0},"branches":{"total":110,"covered":0,"skipped":0,"pct":0}}
,"C:\\Users\\harsh\\Downloads\\attention-trainer-extension\\src\\popup\\popup.js": {"lines":{"total":87,"covered":0,"skipped":0,"pct":0},"functions":{"total":19,"covered":0,"skipped":0,"pct":0},"statements":{"total":87,"covered":0,"skipped":0,"pct":0},"branches":{"total":37,"covered":0,"skipped":0,"pct":0}}
,"C:\\Users\\harsh\\Downloads\\attention-trainer-extension\\src\\shared\\connection-manager.js": {"lines":{"total":170,"covered":0,"skipped":0,"pct":0},"functions":{"total":32,"covered":0,"skipped":0,"pct":0},"statements":{"total":171,"covered":0,"skipped":0,"pct":0},"branches":{"total":82,"covered":0,"skipped":0,"pct":0}}
,"C:\\Users\\harsh\\Downloads\\attention-trainer-extension\\src\\shared\\error-handler.js": {"lines":{"total":150,"covered":0,"skipped":0,"pct":0},"functions":{"total":31,"covered":0,"skipped":0,"pct":0},"statements":{"total":155,"covered":0,"skipped":0,"pct":0},"branches":{"total":101,"covered":0,"skipped":0,"pct":0}}
,"C:\\Users\\harsh\\Downloads\\attention-trainer-extension\\src\\shared\\fallback-storage.js": {"lines":{"total":195,"covered":0,"skipped":0,"pct":0},"functions":{"total":43,"covered":0,"skipped":0,"pct":0},"statements":{"total":197,"covered":0,"skipped":0,"pct":0},"branches":{"total":53,"covered":0,"skipped":0,"pct":0}}
,"C:\\Users\\harsh\\Downloads\\attention-trainer-extension\\src\\shared\\index.js": {"lines":{"total":97,"covered":0,"skipped":0,"pct":0},"functions":{"total":32,"covered":0,"skipped":0,"pct":0},"statements":{"total":99,"covered":0,"skipped":0,"pct":0},"branches":{"total":48,"covered":0,"skipped":0,"pct":0}}
}
