TN:
SF:src\background\background-full.js
FN:5,(anonymous_0)
FN:20,(anonymous_1)
FN:22,(anonymous_2)
FN:27,(anonymous_3)
FN:33,(anonymous_4)
FN:40,(anonymous_5)
FN:76,(anonymous_6)
FN:105,(anonymous_7)
FN:151,(anonymous_8)
FN:167,(anonymous_9)
FN:192,(anonymous_10)
FN:197,(anonymous_11)
FN:203,(anonymous_12)
FN:247,(anonymous_13)
FN:271,(anonymous_14)
FN:276,(anonymous_15)
FN:281,(anonymous_16)
FN:290,(anonymous_17)
FN:292,(anonymous_18)
FN:297,(anonymous_19)
FN:302,(anonymous_20)
FN:328,(anonymous_21)
FNF:22
FNH:0
FNDA:0,(anonymous_0)
FNDA:0,(anonymous_1)
FNDA:0,(anonymous_2)
FNDA:0,(anonymous_3)
FNDA:0,(anonymous_4)
FNDA:0,(anonymous_5)
FNDA:0,(anonymous_6)
FNDA:0,(anonymous_7)
FNDA:0,(anonymous_8)
FNDA:0,(anonymous_9)
FNDA:0,(anonymous_10)
FNDA:0,(anonymous_11)
FNDA:0,(anonymous_12)
FNDA:0,(anonymous_13)
FNDA:0,(anonymous_14)
FNDA:0,(anonymous_15)
FNDA:0,(anonymous_16)
FNDA:0,(anonymous_17)
FNDA:0,(anonymous_18)
FNDA:0,(anonymous_19)
FNDA:0,(anonymous_20)
FNDA:0,(anonymous_21)
DA:2,0
DA:6,0
DA:7,0
DA:8,0
DA:9,0
DA:11,0
DA:12,0
DA:15,0
DA:17,0
DA:22,0
DA:23,0
DA:27,0
DA:28,0
DA:29,0
DA:33,0
DA:34,0
DA:35,0
DA:41,0
DA:42,0
DA:65,0
DA:66,0
DA:67,0
DA:68,0
DA:70,0
DA:72,0
DA:77,0
DA:78,0
DA:80,0
DA:81,0
DA:83,0
DA:84,0
DA:86,0
DA:87,0
DA:88,0
DA:90,0
DA:91,0
DA:92,0
DA:94,0
DA:95,0
DA:97,0
DA:100,0
DA:101,0
DA:106,0
DA:107,0
DA:108,0
DA:111,0
DA:112,0
DA:113,0
DA:117,0
DA:118,0
DA:119,0
DA:123,0
DA:124,0
DA:125,0
DA:129,0
DA:132,0
DA:134,0
DA:136,0
DA:137,0
DA:147,0
DA:152,0
DA:153,0
DA:155,0
DA:156,0
DA:158,0
DA:159,0
DA:161,0
DA:162,0
DA:164,0
DA:168,0
DA:169,0
DA:172,0
DA:173,0
DA:181,0
DA:182,0
DA:183,0
DA:186,0
DA:188,0
DA:193,0
DA:194,0
DA:197,0
DA:198,0
DA:199,0
DA:204,0
DA:205,0
DA:208,0
DA:209,0
DA:210,0
DA:212,0
DA:213,0
DA:216,0
DA:217,0
DA:221,0
DA:222,0
DA:224,0
DA:225,0
DA:232,0
DA:233,0
DA:234,0
DA:238,0
DA:241,0
DA:243,0
DA:248,0
DA:249,0
DA:250,0
DA:251,0
DA:253,0
DA:261,0
DA:262,0
DA:265,0
DA:267,0
DA:272,0
DA:282,0
DA:283,0
DA:284,0
DA:286,0
DA:292,0
DA:293,0
DA:297,0
DA:298,0
DA:303,0
DA:304,0
DA:305,0
DA:306,0
DA:309,0
DA:310,0
DA:311,0
DA:314,0
DA:315,0
DA:317,0
DA:318,0
DA:319,0
DA:320,0
DA:325,0
DA:326,0
DA:327,0
DA:328,0
DA:331,0
DA:332,0
DA:333,0
DA:336,0
DA:337,0
DA:338,0
DA:341,0
DA:347,0
LF:145
LH:0
BRDA:34,0,0,0
BRDA:34,0,1,0
BRDA:34,1,0,0
BRDA:34,1,1,0
BRDA:78,2,0,0
BRDA:78,2,1,0
BRDA:78,2,2,0
BRDA:78,2,3,0
BRDA:78,2,4,0
BRDA:78,2,5,0
BRDA:107,3,0,0
BRDA:107,3,1,0
BRDA:107,4,0,0
BRDA:107,4,1,0
BRDA:112,5,0,0
BRDA:112,5,1,0
BRDA:117,6,0,0
BRDA:117,6,1,0
BRDA:117,7,0,0
BRDA:117,7,1,0
BRDA:124,8,0,0
BRDA:124,8,1,0
BRDA:124,9,0,0
BRDA:124,9,1,0
BRDA:132,10,0,0
BRDA:132,10,1,0
BRDA:134,11,0,0
BRDA:134,11,1,0
BRDA:140,12,0,0
BRDA:140,12,1,0
BRDA:152,13,0,0
BRDA:152,13,1,0
BRDA:155,14,0,0
BRDA:155,14,1,0
BRDA:158,15,0,0
BRDA:158,15,1,0
BRDA:161,16,0,0
BRDA:161,16,1,0
BRDA:172,17,0,0
BRDA:172,17,1,0
BRDA:182,18,0,0
BRDA:182,18,1,0
BRDA:183,19,0,0
BRDA:183,19,1,0
BRDA:193,20,0,0
BRDA:193,20,1,0
BRDA:204,21,0,0
BRDA:204,21,1,0
BRDA:212,22,0,0
BRDA:212,22,1,0
BRDA:216,23,0,0
BRDA:216,23,1,0
BRDA:224,24,0,0
BRDA:224,24,1,0
BRDA:261,25,0,0
BRDA:261,25,1,0
BRDA:261,26,0,0
BRDA:261,26,1,0
BRDA:305,27,0,0
BRDA:305,27,1,0
BRDA:315,28,0,0
BRDA:315,28,1,0
BRDA:318,29,0,0
BRDA:318,29,1,0
BRDA:326,30,0,0
BRDA:326,30,1,0
BRDA:331,31,0,0
BRDA:331,31,1,0
BRDA:336,32,0,0
BRDA:336,32,1,0
BRF:70
BRH:0
end_of_record
TN:
SF:src\background\background-simple.js
FN:5,(anonymous_0)
FNF:1
FNH:0
FNDA:0,(anonymous_0)
DA:2,0
DA:5,0
DA:6,0
DA:9,0
LF:4
LH:0
BRF:0
BRH:0
end_of_record
TN:
SF:src\background\background.js
FN:8,(anonymous_0)
FN:12,(anonymous_1)
FN:14,(anonymous_2)
FN:32,(anonymous_3)
FN:47,(anonymous_4)
FN:49,(anonymous_5)
FN:54,(anonymous_6)
FN:60,(anonymous_7)
FN:67,(anonymous_8)
FN:103,(anonymous_9)
FN:154,(anonymous_10)
FN:203,(anonymous_11)
FN:219,(anonymous_12)
FN:245,(anonymous_13)
FN:272,(anonymous_14)
FN:284,(anonymous_15)
FN:309,(anonymous_16)
FN:314,(anonymous_17)
FN:320,(anonymous_18)
FN:382,(anonymous_19)
FN:406,(anonymous_20)
FN:411,(anonymous_21)
FN:416,(anonymous_22)
FN:425,(anonymous_23)
FN:427,(anonymous_24)
FN:432,(anonymous_25)
FN:437,(anonymous_26)
FN:463,(anonymous_27)
FN:483,(anonymous_28)
FNF:29
FNH:0
FNDA:0,(anonymous_0)
FNDA:0,(anonymous_1)
FNDA:0,(anonymous_2)
FNDA:0,(anonymous_3)
FNDA:0,(anonymous_4)
FNDA:0,(anonymous_5)
FNDA:0,(anonymous_6)
FNDA:0,(anonymous_7)
FNDA:0,(anonymous_8)
FNDA:0,(anonymous_9)
FNDA:0,(anonymous_10)
FNDA:0,(anonymous_11)
FNDA:0,(anonymous_12)
FNDA:0,(anonymous_13)
FNDA:0,(anonymous_14)
FNDA:0,(anonymous_15)
FNDA:0,(anonymous_16)
FNDA:0,(anonymous_17)
FNDA:0,(anonymous_18)
FNDA:0,(anonymous_19)
FNDA:0,(anonymous_20)
FNDA:0,(anonymous_21)
FNDA:0,(anonymous_22)
FNDA:0,(anonymous_23)
FNDA:0,(anonymous_24)
FNDA:0,(anonymous_25)
FNDA:0,(anonymous_26)
FNDA:0,(anonymous_27)
FNDA:0,(anonymous_28)
DA:2,0
DA:8,0
DA:9,0
DA:10,0
DA:12,0
DA:14,0
DA:16,0
DA:17,0
DA:24,0
DA:25,0
DA:26,0
DA:29,0
DA:33,0
DA:34,0
DA:35,0
DA:36,0
DA:38,0
DA:39,0
DA:42,0
DA:44,0
DA:49,0
DA:50,0
DA:54,0
DA:55,0
DA:56,0
DA:60,0
DA:61,0
DA:62,0
DA:68,0
DA:69,0
DA:92,0
DA:93,0
DA:94,0
DA:95,0
DA:97,0
DA:99,0
DA:104,0
DA:105,0
DA:108,0
DA:113,0
DA:116,0
DA:117,0
DA:122,0
DA:125,0
DA:126,0
DA:127,0
DA:129,0
DA:130,0
DA:131,0
DA:133,0
DA:134,0
DA:135,0
DA:137,0
DA:138,0
DA:139,0
DA:141,0
DA:142,0
DA:143,0
DA:145,0
DA:146,0
DA:149,0
DA:150,0
DA:155,0
DA:156,0
DA:157,0
DA:160,0
DA:161,0
DA:162,0
DA:166,0
DA:167,0
DA:168,0
DA:172,0
DA:173,0
DA:174,0
DA:178,0
DA:181,0
DA:182,0
DA:184,0
DA:186,0
DA:187,0
DA:188,0
DA:195,0
DA:199,0
DA:204,0
DA:205,0
DA:207,0
DA:208,0
DA:210,0
DA:211,0
DA:213,0
DA:214,0
DA:216,0
DA:220,0
DA:221,0
DA:222,0
DA:225,0
DA:226,0
DA:227,0
DA:231,0
DA:232,0
DA:233,0
DA:237,0
DA:239,0
DA:241,0
DA:246,0
DA:247,0
DA:250,0
DA:251,0
DA:263,0
DA:264,0
DA:265,0
DA:266,0
DA:267,0
DA:268,0
DA:271,0
DA:272,0
DA:273,0
DA:278,0
DA:280,0
DA:285,0
DA:286,0
DA:289,0
DA:290,0
DA:298,0
DA:299,0
DA:300,0
DA:303,0
DA:305,0
DA:310,0
DA:311,0
DA:314,0
DA:315,0
DA:316,0
DA:321,0
DA:322,0
DA:325,0
DA:326,0
DA:327,0
DA:329,0
DA:330,0
DA:333,0
DA:334,0
DA:338,0
DA:339,0
DA:341,0
DA:342,0
DA:355,0
DA:357,0
DA:358,0
DA:359,0
DA:360,0
DA:361,0
DA:362,0
DA:363,0
DA:366,0
DA:367,0
DA:368,0
DA:373,0
DA:376,0
DA:378,0
DA:383,0
DA:384,0
DA:385,0
DA:386,0
DA:388,0
DA:396,0
DA:397,0
DA:400,0
DA:402,0
DA:407,0
DA:417,0
DA:418,0
DA:419,0
DA:421,0
DA:427,0
DA:428,0
DA:432,0
DA:433,0
DA:438,0
DA:439,0
DA:440,0
DA:441,0
DA:444,0
DA:445,0
DA:446,0
DA:449,0
DA:450,0
DA:452,0
DA:453,0
DA:454,0
DA:455,0
DA:460,0
DA:461,0
DA:462,0
DA:463,0
DA:466,0
DA:467,0
DA:468,0
DA:471,0
DA:472,0
DA:473,0
DA:476,0
DA:484,0
DA:485,0
DA:486,0
DA:488,0
DA:498,0
DA:499,0
DA:508,0
LF:209
LH:0
BRDA:9,0,0,0
BRDA:9,0,1,0
BRDA:16,1,0,0
BRDA:16,1,1,0
BRDA:26,2,0,0
BRDA:26,2,1,0
BRDA:61,3,0,0
BRDA:61,3,1,0
BRDA:61,4,0,0
BRDA:61,4,1,0
BRDA:105,5,0,0
BRDA:105,5,1,0
BRDA:105,5,2,0
BRDA:105,5,3,0
BRDA:105,5,4,0
BRDA:105,5,5,0
BRDA:105,5,6,0
BRDA:105,5,7,0
BRDA:156,6,0,0
BRDA:156,6,1,0
BRDA:156,7,0,0
BRDA:156,7,1,0
BRDA:161,8,0,0
BRDA:161,8,1,0
BRDA:166,9,0,0
BRDA:166,9,1,0
BRDA:166,10,0,0
BRDA:166,10,1,0
BRDA:173,11,0,0
BRDA:173,11,1,0
BRDA:173,12,0,0
BRDA:173,12,1,0
BRDA:181,13,0,0
BRDA:181,13,1,0
BRDA:184,14,0,0
BRDA:184,14,1,0
BRDA:191,15,0,0
BRDA:191,15,1,0
BRDA:204,16,0,0
BRDA:204,16,1,0
BRDA:207,17,0,0
BRDA:207,17,1,0
BRDA:210,18,0,0
BRDA:210,18,1,0
BRDA:213,19,0,0
BRDA:213,19,1,0
BRDA:221,20,0,0
BRDA:221,20,1,0
BRDA:221,21,0,0
BRDA:221,21,1,0
BRDA:226,22,0,0
BRDA:226,22,1,0
BRDA:232,23,0,0
BRDA:232,23,1,0
BRDA:232,24,0,0
BRDA:232,24,1,0
BRDA:250,25,0,0
BRDA:250,25,1,0
BRDA:256,26,0,0
BRDA:256,26,1,0
BRDA:264,27,0,0
BRDA:264,27,1,0
BRDA:265,28,0,0
BRDA:265,28,1,0
BRDA:266,29,0,0
BRDA:266,29,1,0
BRDA:267,30,0,0
BRDA:267,30,1,0
BRDA:268,31,0,0
BRDA:268,31,1,0
BRDA:271,32,0,0
BRDA:271,32,1,0
BRDA:273,33,0,0
BRDA:273,33,1,0
BRDA:289,34,0,0
BRDA:289,34,1,0
BRDA:299,35,0,0
BRDA:299,35,1,0
BRDA:300,36,0,0
BRDA:300,36,1,0
BRDA:310,37,0,0
BRDA:310,37,1,0
BRDA:321,38,0,0
BRDA:321,38,1,0
BRDA:329,39,0,0
BRDA:329,39,1,0
BRDA:333,40,0,0
BRDA:333,40,1,0
BRDA:341,41,0,0
BRDA:341,41,1,0
BRDA:355,42,0,0
BRDA:355,42,1,0
BRDA:358,43,0,0
BRDA:358,43,1,0
BRDA:359,44,0,0
BRDA:359,44,1,0
BRDA:360,45,0,0
BRDA:360,45,1,0
BRDA:361,46,0,0
BRDA:361,46,1,0
BRDA:362,47,0,0
BRDA:362,47,1,0
BRDA:366,48,0,0
BRDA:366,48,1,0
BRDA:367,49,0,0
BRDA:367,49,1,0
BRDA:396,50,0,0
BRDA:396,50,1,0
BRDA:396,51,0,0
BRDA:396,51,1,0
BRDA:440,52,0,0
BRDA:440,52,1,0
BRDA:450,53,0,0
BRDA:450,53,1,0
BRDA:453,54,0,0
BRDA:453,54,1,0
BRDA:461,55,0,0
BRDA:461,55,1,0
BRDA:466,56,0,0
BRDA:466,56,1,0
BRDA:471,57,0,0
BRDA:471,57,1,0
BRDA:494,58,0,0
BRDA:494,58,1,0
BRDA:495,59,0,0
BRDA:495,59,1,0
BRF:126
BRH:0
end_of_record
TN:
SF:src\content\content.js
FN:3,(anonymous_0)
FN:53,(anonymous_1)
FN:77,(anonymous_2)
FN:84,(anonymous_3)
FN:92,(anonymous_4)
FN:93,(anonymous_5)
FN:108,(anonymous_6)
FN:114,(anonymous_7)
FN:140,(anonymous_8)
FN:165,(anonymous_9)
FN:166,(anonymous_10)
FN:179,(anonymous_11)
FN:205,(anonymous_12)
FN:232,(anonymous_13)
FN:272,(anonymous_14)
FN:277,(anonymous_15)
FN:300,(anonymous_16)
FN:307,(anonymous_17)
FN:329,(anonymous_18)
FN:375,(anonymous_19)
FN:380,(anonymous_20)
FN:382,(anonymous_21)
FN:388,(anonymous_22)
FN:413,(anonymous_23)
FN:417,(anonymous_24)
FN:422,(anonymous_25)
FN:425,(anonymous_26)
FN:432,(anonymous_27)
FN:439,(anonymous_28)
FN:455,(anonymous_29)
FN:457,(anonymous_30)
FN:464,(anonymous_31)
FN:466,(anonymous_32)
FN:472,(anonymous_33)
FN:521,(anonymous_34)
FN:526,(anonymous_35)
FN:534,(anonymous_36)
FN:551,(anonymous_37)
FN:561,(anonymous_38)
FN:582,(anonymous_39)
FN:586,(anonymous_40)
FN:594,(anonymous_41)
FN:599,(anonymous_42)
FN:605,(anonymous_43)
FN:632,(anonymous_44)
FN:635,(anonymous_45)
FN:644,(anonymous_46)
FN:650,(anonymous_47)
FN:663,(anonymous_48)
FN:686,(anonymous_49)
FN:692,(anonymous_50)
FN:801,(anonymous_51)
FN:812,(anonymous_52)
FN:818,(anonymous_53)
FN:847,(anonymous_54)
FN:854,(anonymous_55)
FN:868,(anonymous_56)
FN:874,(anonymous_57)
FN:876,(anonymous_58)
FN:899,(anonymous_59)
FN:904,(anonymous_60)
FN:940,(anonymous_61)
FN:941,(anonymous_62)
FN:944,(anonymous_63)
FN:954,(anonymous_64)
FN:955,(anonymous_65)
FN:956,(anonymous_66)
FN:974,(anonymous_67)
FN:993,(anonymous_68)
FN:1000,(anonymous_69)
FN:1018,(anonymous_70)
FN:1024,(anonymous_71)
FN:1038,(anonymous_72)
FN:1045,(anonymous_73)
FN:1049,(anonymous_74)
FN:1061,(anonymous_75)
FN:1067,(anonymous_76)
FN:1081,(anonymous_77)
FN:1102,(anonymous_78)
FN:1111,(anonymous_79)
FN:1112,(anonymous_80)
FN:1113,(anonymous_81)
FN:1126,(anonymous_82)
FN:1177,(anonymous_83)
FN:1221,(anonymous_84)
FN:1230,(anonymous_85)
FN:1257,(anonymous_86)
FN:1269,(anonymous_87)
FN:1271,(anonymous_88)
FN:1278,(anonymous_89)
FN:1301,initializeExtension
FN:1310,(anonymous_91)
FNF:92
FNH:0
FNDA:0,(anonymous_0)
FNDA:0,(anonymous_1)
FNDA:0,(anonymous_2)
FNDA:0,(anonymous_3)
FNDA:0,(anonymous_4)
FNDA:0,(anonymous_5)
FNDA:0,(anonymous_6)
FNDA:0,(anonymous_7)
FNDA:0,(anonymous_8)
FNDA:0,(anonymous_9)
FNDA:0,(anonymous_10)
FNDA:0,(anonymous_11)
FNDA:0,(anonymous_12)
FNDA:0,(anonymous_13)
FNDA:0,(anonymous_14)
FNDA:0,(anonymous_15)
FNDA:0,(anonymous_16)
FNDA:0,(anonymous_17)
FNDA:0,(anonymous_18)
FNDA:0,(anonymous_19)
FNDA:0,(anonymous_20)
FNDA:0,(anonymous_21)
FNDA:0,(anonymous_22)
FNDA:0,(anonymous_23)
FNDA:0,(anonymous_24)
FNDA:0,(anonymous_25)
FNDA:0,(anonymous_26)
FNDA:0,(anonymous_27)
FNDA:0,(anonymous_28)
FNDA:0,(anonymous_29)
FNDA:0,(anonymous_30)
FNDA:0,(anonymous_31)
FNDA:0,(anonymous_32)
FNDA:0,(anonymous_33)
FNDA:0,(anonymous_34)
FNDA:0,(anonymous_35)
FNDA:0,(anonymous_36)
FNDA:0,(anonymous_37)
FNDA:0,(anonymous_38)
FNDA:0,(anonymous_39)
FNDA:0,(anonymous_40)
FNDA:0,(anonymous_41)
FNDA:0,(anonymous_42)
FNDA:0,(anonymous_43)
FNDA:0,(anonymous_44)
FNDA:0,(anonymous_45)
FNDA:0,(anonymous_46)
FNDA:0,(anonymous_47)
FNDA:0,(anonymous_48)
FNDA:0,(anonymous_49)
FNDA:0,(anonymous_50)
FNDA:0,(anonymous_51)
FNDA:0,(anonymous_52)
FNDA:0,(anonymous_53)
FNDA:0,(anonymous_54)
FNDA:0,(anonymous_55)
FNDA:0,(anonymous_56)
FNDA:0,(anonymous_57)
FNDA:0,(anonymous_58)
FNDA:0,(anonymous_59)
FNDA:0,(anonymous_60)
FNDA:0,(anonymous_61)
FNDA:0,(anonymous_62)
FNDA:0,(anonymous_63)
FNDA:0,(anonymous_64)
FNDA:0,(anonymous_65)
FNDA:0,(anonymous_66)
FNDA:0,(anonymous_67)
FNDA:0,(anonymous_68)
FNDA:0,(anonymous_69)
FNDA:0,(anonymous_70)
FNDA:0,(anonymous_71)
FNDA:0,(anonymous_72)
FNDA:0,(anonymous_73)
FNDA:0,(anonymous_74)
FNDA:0,(anonymous_75)
FNDA:0,(anonymous_76)
FNDA:0,(anonymous_77)
FNDA:0,(anonymous_78)
FNDA:0,(anonymous_79)
FNDA:0,(anonymous_80)
FNDA:0,(anonymous_81)
FNDA:0,(anonymous_82)
FNDA:0,(anonymous_83)
FNDA:0,(anonymous_84)
FNDA:0,(anonymous_85)
FNDA:0,(anonymous_86)
FNDA:0,(anonymous_87)
FNDA:0,(anonymous_88)
FNDA:0,(anonymous_89)
FNDA:0,initializeExtension
FNDA:0,(anonymous_91)
DA:5,0
DA:6,0
DA:7,0
DA:10,0
DA:11,0
DA:14,0
DA:32,0
DA:43,0
DA:44,0
DA:45,0
DA:46,0
DA:47,0
DA:48,0
DA:50,0
DA:54,0
DA:56,0
DA:58,0
DA:59,0
DA:60,0
DA:61,0
DA:62,0
DA:64,0
DA:66,0
DA:67,0
DA:69,0
DA:78,0
DA:79,0
DA:81,0
DA:83,0
DA:84,0
DA:87,0
DA:88,0
DA:91,0
DA:92,0
DA:93,0
DA:96,0
DA:98,0
DA:99,0
DA:100,0
DA:103,0
DA:104,0
DA:107,0
DA:108,0
DA:109,0
DA:110,0
DA:111,0
DA:114,0
DA:115,0
DA:119,0
DA:120,0
DA:122,0
DA:123,0
DA:126,0
DA:129,0
DA:130,0
DA:133,0
DA:141,0
DA:143,0
DA:144,0
DA:147,0
DA:150,0
DA:151,0
DA:155,0
DA:156,0
DA:166,0
DA:167,0
DA:168,0
DA:170,0
DA:173,0
DA:180,0
DA:181,0
DA:184,0
DA:185,0
DA:186,0
DA:188,0
DA:199,0
DA:201,0
DA:206,0
DA:208,0
DA:209,0
DA:210,0
DA:211,0
DA:212,0
DA:213,0
DA:216,0
DA:220,0
DA:221,0
DA:223,0
DA:224,0
DA:226,0
DA:227,0
DA:231,0
DA:232,0
DA:235,0
DA:236,0
DA:237,0
DA:238,0
DA:239,0
DA:241,0
DA:244,0
DA:247,0
DA:248,0
DA:249,0
DA:250,0
DA:253,0
DA:255,0
DA:256,0
DA:257,0
DA:259,0
DA:273,0
DA:274,0
DA:277,0
DA:279,0
DA:280,0
DA:281,0
DA:282,0
DA:285,0
DA:286,0
DA:289,0
DA:291,0
DA:292,0
DA:294,0
DA:295,0
DA:301,0
DA:302,0
DA:303,0
DA:304,0
DA:308,0
DA:310,0
DA:311,0
DA:312,0
DA:315,0
DA:316,0
DA:319,0
DA:320,0
DA:323,0
DA:324,0
DA:325,0
DA:326,0
DA:330,0
DA:331,0
DA:332,0
DA:334,0
DA:339,0
DA:344,0
DA:346,0
DA:348,0
DA:350,0
DA:351,0
DA:352,0
DA:354,0
DA:355,0
DA:356,0
DA:358,0
DA:359,0
DA:361,0
DA:362,0
DA:364,0
DA:366,0
DA:368,0
DA:371,0
DA:376,0
DA:377,0
DA:381,0
DA:382,0
DA:383,0
DA:384,0
DA:389,0
DA:397,0
DA:399,0
DA:411,0
DA:413,0
DA:414,0
DA:417,0
DA:418,0
DA:423,0
DA:425,0
DA:426,0
DA:427,0
DA:433,0
DA:434,0
DA:435,0
DA:440,0
DA:441,0
DA:442,0
DA:443,0
DA:444,0
DA:445,0
DA:448,0
DA:449,0
DA:450,0
DA:451,0
DA:456,0
DA:457,0
DA:458,0
DA:459,0
DA:461,0
DA:465,0
DA:466,0
DA:467,0
DA:473,0
DA:481,0
DA:482,0
DA:483,0
DA:485,0
DA:515,0
DA:518,0
DA:519,0
DA:521,0
DA:522,0
DA:523,0
DA:526,0
DA:527,0
DA:530,0
DA:535,0
DA:536,0
DA:537,0
DA:548,0
DA:551,0
DA:552,0
DA:553,0
DA:554,0
DA:558,0
DA:562,0
DA:577,0
DA:579,0
DA:580,0
DA:582,0
DA:583,0
DA:586,0
DA:587,0
DA:590,0
DA:595,0
DA:596,0
DA:600,0
DA:601,0
DA:602,0
DA:606,0
DA:607,0
DA:608,0
DA:609,0
DA:612,0
DA:613,0
DA:621,0
DA:630,0
DA:632,0
DA:635,0
DA:636,0
DA:637,0
DA:638,0
DA:641,0
DA:645,0
DA:646,0
DA:647,0
DA:651,0
DA:652,0
DA:653,0
DA:657,0
DA:658,0
DA:659,0
DA:662,0
DA:663,0
DA:664,0
DA:665,0
DA:669,0
DA:670,0
DA:671,0
DA:675,0
DA:676,0
DA:680,0
DA:681,0
DA:682,0
DA:687,0
DA:688,0
DA:693,0
DA:694,0
DA:696,0
DA:781,0
DA:782,0
DA:783,0
DA:784,0
DA:789,0
DA:803,0
DA:804,0
DA:805,0
DA:806,0
DA:807,0
DA:809,0
DA:813,0
DA:814,0
DA:815,0
DA:816,0
DA:818,0
DA:819,0
DA:820,0
DA:823,0
DA:824,0
DA:825,0
DA:828,0
DA:829,0
DA:831,0
DA:835,0
DA:836,0
DA:839,0
DA:840,0
DA:842,0
DA:843,0
DA:847,0
DA:848,0
DA:849,0
DA:850,0
DA:854,0
DA:855,0
DA:858,0
DA:859,0
DA:860,0
DA:863,0
DA:864,0
DA:868,0
DA:869,0
DA:870,0
DA:876,0
DA:877,0
DA:878,0
DA:881,0
DA:884,0
DA:885,0
DA:886,0
DA:890,0
DA:892,0
DA:895,0
DA:900,0
DA:901,0
DA:902,0
DA:904,0
DA:905,0
DA:906,0
DA:909,0
DA:910,0
DA:912,0
DA:913,0
DA:915,0
DA:916,0
DA:920,0
DA:921,0
DA:925,0
DA:926,0
DA:927,0
DA:928,0
DA:930,0
DA:935,0
DA:936,0
DA:937,0
DA:940,0
DA:941,0
DA:946,0
DA:947,0
DA:949,0
DA:950,0
DA:954,0
DA:955,0
DA:956,0
DA:957,0
DA:958,0
DA:964,0
DA:965,0
DA:966,0
DA:970,0
DA:976,0
DA:978,0
DA:979,0
DA:982,0
DA:983,0
DA:985,0
DA:986,0
DA:988,0
DA:989,0
DA:995,0
DA:996,0
DA:997,0
DA:1000,0
DA:1001,0
DA:1002,0
DA:1003,0
DA:1004,0
DA:1007,0
DA:1008,0
DA:1009,0
DA:1010,0
DA:1013,0
DA:1019,0
DA:1020,0
DA:1021,0
DA:1024,0
DA:1025,0
DA:1026,0
DA:1027,0
DA:1030,0
DA:1031,0
DA:1034,0
DA:1039,0
DA:1040,0
DA:1041,0
DA:1044,0
DA:1045,0
DA:1046,0
DA:1049,0
DA:1050,0
DA:1051,0
DA:1053,0
DA:1054,0
DA:1055,0
DA:1056,0
DA:1062,0
DA:1063,0
DA:1064,0
DA:1067,0
DA:1068,0
DA:1069,0
DA:1070,0
DA:1072,0
DA:1073,0
DA:1076,0
DA:1083,0
DA:1086,0
DA:1087,0
DA:1089,0
DA:1090,0
DA:1091,0
DA:1093,0
DA:1097,0
DA:1099,0
DA:1103,0
DA:1104,0
DA:1106,0
DA:1108,0
DA:1112,0
DA:1113,0
DA:1114,0
DA:1115,0
DA:1117,0
DA:1122,0
DA:1123,0
DA:1127,0
DA:1128,0
DA:1132,0
DA:1133,0
DA:1137,0
DA:1138,0
DA:1139,0
DA:1140,0
DA:1141,0
DA:1142,0
DA:1145,0
DA:1146,0
DA:1148,0
DA:1149,0
DA:1153,0
DA:1154,0
DA:1157,0
DA:1158,0
DA:1162,0
DA:1163,0
DA:1164,0
DA:1168,0
DA:1171,0
DA:1174,0
DA:1179,0
DA:1186,0
DA:1187,0
DA:1189,0
DA:1191,0
DA:1194,0
DA:1195,0
DA:1198,0
DA:1199,0
DA:1202,0
DA:1204,0
DA:1205,0
DA:1206,0
DA:1207,0
DA:1208,0
DA:1209,0
DA:1210,0
DA:1211,0
DA:1214,0
DA:1215,0
DA:1216,0
DA:1217,0
DA:1223,0
DA:1224,0
DA:1225,0
DA:1226,0
DA:1227,0
DA:1230,0
DA:1231,0
DA:1232,0
DA:1234,0
DA:1237,0
DA:1258,0
DA:1259,0
DA:1271,0
DA:1272,0
DA:1275,0
DA:1280,0
DA:1294,0
DA:1295,0
DA:1296,0
DA:1302,0
DA:1304,0
DA:1305,0
DA:1306,0
DA:1310,0
DA:1311,0
DA:1312,0
DA:1314,0
DA:1318,0
DA:1322,0
DA:1323,0
DA:1325,0
LF:520
LH:0
BRDA:66,0,0,0
BRDA:66,0,1,0
BRDA:83,1,0,0
BRDA:83,1,1,0
BRDA:87,2,0,0
BRDA:87,2,1,0
BRDA:107,3,0,0
BRDA:107,3,1,0
BRDA:111,4,0,0
BRDA:111,4,1,0
BRDA:129,5,0,0
BRDA:129,5,1,0
BRDA:150,6,0,0
BRDA:150,6,1,0
BRDA:155,7,0,0
BRDA:155,7,1,0
BRDA:180,8,0,0
BRDA:180,8,1,0
BRDA:192,9,0,0
BRDA:192,9,1,0
BRDA:193,10,0,0
BRDA:193,10,1,0
BRDA:194,11,0,0
BRDA:194,11,1,0
BRDA:208,12,0,0
BRDA:208,12,1,0
BRDA:208,13,0,0
BRDA:208,13,1,0
BRDA:210,14,0,0
BRDA:210,14,1,0
BRDA:226,15,0,0
BRDA:226,15,1,0
BRDA:231,16,0,0
BRDA:231,16,1,0
BRDA:236,17,0,0
BRDA:236,17,1,0
BRDA:244,18,0,0
BRDA:244,18,1,0
BRDA:244,19,0,0
BRDA:244,19,1,0
BRDA:244,19,2,0
BRDA:255,20,0,0
BRDA:255,20,1,0
BRDA:273,21,0,0
BRDA:273,21,1,0
BRDA:280,22,0,0
BRDA:280,22,1,0
BRDA:289,23,0,0
BRDA:289,23,1,0
BRDA:310,24,0,0
BRDA:310,24,1,0
BRDA:315,25,0,0
BRDA:315,25,1,0
BRDA:323,26,0,0
BRDA:323,26,1,0
BRDA:325,27,0,0
BRDA:325,27,1,0
BRDA:330,28,0,0
BRDA:330,28,1,0
BRDA:348,29,0,0
BRDA:348,29,1,0
BRDA:348,29,2,0
BRDA:348,29,3,0
BRDA:348,29,4,0
BRDA:361,30,0,0
BRDA:361,30,1,0
BRDA:441,31,0,0
BRDA:441,31,1,0
BRDA:552,32,0,0
BRDA:552,32,1,0
BRDA:650,33,0,0
BRDA:651,34,0,0
BRDA:651,34,1,0
BRDA:670,35,0,0
BRDA:670,35,1,0
BRDA:675,36,0,0
BRDA:675,36,1,0
BRDA:681,37,0,0
BRDA:681,37,1,0
BRDA:782,38,0,0
BRDA:782,38,1,0
BRDA:819,39,0,0
BRDA:819,39,1,0
BRDA:819,40,0,0
BRDA:819,40,1,0
BRDA:825,41,0,0
BRDA:825,41,1,0
BRDA:828,42,0,0
BRDA:828,42,1,0
BRDA:829,43,0,0
BRDA:829,43,1,0
BRDA:839,44,0,0
BRDA:839,44,1,0
BRDA:842,45,0,0
BRDA:842,45,1,0
BRDA:848,46,0,0
BRDA:848,46,1,0
BRDA:855,47,0,0
BRDA:855,47,1,0
BRDA:855,48,0,0
BRDA:855,48,1,0
BRDA:858,49,0,0
BRDA:858,49,1,0
BRDA:877,50,0,0
BRDA:877,50,1,0
BRDA:885,51,0,0
BRDA:885,51,1,0
BRDA:890,52,0,0
BRDA:890,52,1,0
BRDA:890,53,0,0
BRDA:890,53,1,0
BRDA:905,54,0,0
BRDA:905,54,1,0
BRDA:912,55,0,0
BRDA:912,55,1,0
BRDA:915,56,0,0
BRDA:915,56,1,0
BRDA:920,57,0,0
BRDA:920,57,1,0
BRDA:925,58,0,0
BRDA:925,58,1,0
BRDA:925,59,0,0
BRDA:925,59,1,0
BRDA:927,60,0,0
BRDA:927,60,1,0
BRDA:949,61,0,0
BRDA:949,61,1,0
BRDA:949,62,0,0
BRDA:949,62,1,0
BRDA:957,63,0,0
BRDA:957,63,1,0
BRDA:957,64,0,0
BRDA:957,64,1,0
BRDA:957,64,2,0
BRDA:965,65,0,0
BRDA:965,65,1,0
BRDA:976,66,0,0
BRDA:976,66,1,0
BRDA:976,66,2,0
BRDA:976,66,3,0
BRDA:976,66,4,0
BRDA:1002,67,0,0
BRDA:1002,67,1,0
BRDA:1008,68,0,0
BRDA:1008,68,1,0
BRDA:1025,69,0,0
BRDA:1025,69,1,0
BRDA:1030,70,0,0
BRDA:1030,70,1,0
BRDA:1053,71,0,0
BRDA:1053,71,1,0
BRDA:1068,72,0,0
BRDA:1068,72,1,0
BRDA:1072,73,0,0
BRDA:1072,73,1,0
BRDA:1083,74,0,0
BRDA:1083,74,1,0
BRDA:1086,75,0,0
BRDA:1086,75,1,0
BRDA:1090,76,0,0
BRDA:1090,76,1,0
BRDA:1103,77,0,0
BRDA:1103,77,1,0
BRDA:1106,78,0,0
BRDA:1106,78,1,0
BRDA:1114,79,0,0
BRDA:1114,79,1,0
BRDA:1132,80,0,0
BRDA:1132,80,1,0
BRDA:1137,81,0,0
BRDA:1137,81,1,0
BRDA:1138,82,0,0
BRDA:1138,82,1,0
BRDA:1139,83,0,0
BRDA:1139,83,1,0
BRDA:1140,84,0,0
BRDA:1140,84,1,0
BRDA:1141,85,0,0
BRDA:1141,85,1,0
BRDA:1142,86,0,0
BRDA:1142,86,1,0
BRDA:1145,87,0,0
BRDA:1145,87,1,0
BRDA:1145,88,0,0
BRDA:1145,88,1,0
BRDA:1146,89,0,0
BRDA:1146,89,1,0
BRDA:1148,90,0,0
BRDA:1148,90,1,0
BRDA:1149,91,0,0
BRDA:1149,91,1,0
BRDA:1153,92,0,0
BRDA:1153,92,1,0
BRDA:1154,93,0,0
BRDA:1154,93,1,0
BRDA:1157,94,0,0
BRDA:1157,94,1,0
BRDA:1163,95,0,0
BRDA:1163,95,1,0
BRDA:1186,96,0,0
BRDA:1186,96,1,0
BRDA:1189,97,0,0
BRDA:1189,97,1,0
BRDA:1189,98,0,0
BRDA:1189,98,1,0
BRDA:1189,98,2,0
BRDA:1198,99,0,0
BRDA:1198,99,1,0
BRDA:1204,100,0,0
BRDA:1204,100,1,0
BRDA:1206,101,0,0
BRDA:1206,101,1,0
BRDA:1208,102,0,0
BRDA:1208,102,1,0
BRDA:1210,103,0,0
BRDA:1210,103,1,0
BRDA:1214,104,0,0
BRDA:1214,104,1,0
BRDA:1214,105,0,0
BRDA:1214,105,1,0
BRDA:1217,106,0,0
BRDA:1217,106,1,0
BRDA:1223,107,0,0
BRDA:1223,107,1,0
BRDA:1223,108,0,0
BRDA:1223,108,1,0
BRDA:1225,109,0,0
BRDA:1225,109,1,0
BRDA:1230,110,0,0
BRDA:1230,110,1,0
BRDA:1231,111,0,0
BRDA:1231,111,1,0
BRDA:1231,112,0,0
BRDA:1231,112,1,0
BRDA:1235,113,0,0
BRDA:1235,113,1,0
BRDA:1245,114,0,0
BRDA:1245,114,1,0
BRDA:1246,115,0,0
BRDA:1246,115,1,0
BRDA:1247,116,0,0
BRDA:1247,116,1,0
BRDA:1250,117,0,0
BRDA:1250,117,1,0
BRDA:1251,118,0,0
BRDA:1251,118,1,0
BRDA:1252,119,0,0
BRDA:1252,119,1,0
BRDA:1258,120,0,0
BRDA:1258,120,1,0
BRDA:1304,121,0,0
BRDA:1304,121,1,0
BRDA:1304,122,0,0
BRDA:1304,122,1,0
BRDA:1304,122,2,0
BRDA:1322,123,0,0
BRDA:1322,123,1,0
BRF:257
BRH:0
end_of_record
TN:
SF:src\dashboard\dashboard.js
FN:3,(anonymous_0)
FN:9,(anonymous_1)
FN:22,(anonymous_2)
FN:33,(anonymous_3)
FN:34,(anonymous_4)
FN:39,(anonymous_5)
FN:49,(anonymous_6)
FN:51,(anonymous_7)
FN:81,(anonymous_8)
FN:86,(anonymous_9)
FN:103,(anonymous_10)
FN:108,(anonymous_11)
FN:114,(anonymous_12)
FN:116,(anonymous_13)
FN:128,(anonymous_14)
FN:152,(anonymous_15)
FN:159,(anonymous_16)
FN:165,(anonymous_17)
FN:172,(anonymous_18)
FN:193,(anonymous_19)
FN:199,(anonymous_20)
FN:201,(anonymous_21)
FN:220,(anonymous_22)
FN:229,(anonymous_23)
FN:242,(anonymous_24)
FN:261,(anonymous_25)
FN:272,(anonymous_26)
FN:282,(anonymous_27)
FN:289,(anonymous_28)
FN:303,(anonymous_29)
FNF:30
FNH:0
FNDA:0,(anonymous_0)
FNDA:0,(anonymous_1)
FNDA:0,(anonymous_2)
FNDA:0,(anonymous_3)
FNDA:0,(anonymous_4)
FNDA:0,(anonymous_5)
FNDA:0,(anonymous_6)
FNDA:0,(anonymous_7)
FNDA:0,(anonymous_8)
FNDA:0,(anonymous_9)
FNDA:0,(anonymous_10)
FNDA:0,(anonymous_11)
FNDA:0,(anonymous_12)
FNDA:0,(anonymous_13)
FNDA:0,(anonymous_14)
FNDA:0,(anonymous_15)
FNDA:0,(anonymous_16)
FNDA:0,(anonymous_17)
FNDA:0,(anonymous_18)
FNDA:0,(anonymous_19)
FNDA:0,(anonymous_20)
FNDA:0,(anonymous_21)
FNDA:0,(anonymous_22)
FNDA:0,(anonymous_23)
FNDA:0,(anonymous_24)
FNDA:0,(anonymous_25)
FNDA:0,(anonymous_26)
FNDA:0,(anonymous_27)
FNDA:0,(anonymous_28)
FNDA:0,(anonymous_29)
DA:4,0
DA:5,0
DA:6,0
DA:10,0
DA:11,0
DA:12,0
DA:13,0
DA:14,0
DA:15,0
DA:17,0
DA:18,0
DA:23,0
DA:24,0
DA:25,0
DA:27,0
DA:28,0
DA:29,0
DA:34,0
DA:35,0
DA:40,0
DA:41,0
DA:44,0
DA:45,0
DA:46,0
DA:47,0
DA:49,0
DA:50,0
DA:51,0
DA:53,0
DA:54,0
DA:55,0
DA:57,0
DA:58,0
DA:66,0
DA:67,0
DA:68,0
DA:69,0
DA:70,0
DA:75,0
DA:76,0
DA:77,0
DA:78,0
DA:81,0
DA:82,0
DA:83,0
DA:86,0
DA:87,0
DA:88,0
DA:89,0
DA:92,0
DA:93,0
DA:94,0
DA:95,0
DA:96,0
DA:98,0
DA:99,0
DA:104,0
DA:105,0
DA:109,0
DA:110,0
DA:111,0
DA:112,0
DA:114,0
DA:115,0
DA:116,0
DA:118,0
DA:119,0
DA:124,0
DA:125,0
DA:129,0
DA:130,0
DA:131,0
DA:132,0
DA:145,0
DA:147,0
DA:148,0
DA:153,0
DA:154,0
DA:155,0
DA:158,0
DA:159,0
DA:160,0
DA:163,0
DA:164,0
DA:165,0
DA:167,0
DA:173,0
DA:174,0
DA:186,0
DA:188,0
DA:189,0
DA:194,0
DA:195,0
DA:198,0
DA:199,0
DA:200,0
DA:201,0
DA:202,0
DA:203,0
DA:212,0
DA:213,0
DA:214,0
DA:215,0
DA:216,0
DA:219,0
DA:220,0
DA:221,0
DA:228,0
DA:230,0
DA:231,0
DA:232,0
DA:236,0
DA:237,0
DA:239,0
DA:240,0
DA:242,0
DA:243,0
DA:244,0
DA:245,0
DA:246,0
DA:247,0
DA:249,0
DA:256,0
DA:262,0
DA:263,0
DA:264,0
DA:266,0
DA:267,0
DA:269,0
DA:273,0
DA:274,0
DA:275,0
DA:276,0
DA:277,0
DA:279,0
DA:284,0
DA:285,0
DA:286,0
DA:290,0
DA:291,0
DA:292,0
DA:300,0
DA:301,0
DA:303,0
DA:304,0
DA:305,0
DA:312,0
LF:147
LH:0
BRDA:25,0,0,0
BRDA:25,0,1,0
BRDA:40,1,0,0
BRDA:40,1,1,0
BRDA:41,2,0,0
BRDA:41,2,1,0
BRDA:50,3,0,0
BRDA:50,3,1,0
BRDA:53,4,0,0
BRDA:53,4,1,0
BRDA:53,4,2,0
BRDA:55,5,0,0
BRDA:55,5,1,0
BRDA:57,6,0,0
BRDA:57,6,1,0
BRDA:66,7,0,0
BRDA:66,7,1,0
BRDA:67,8,0,0
BRDA:67,8,1,0
BRDA:68,9,0,0
BRDA:68,9,1,0
BRDA:69,10,0,0
BRDA:69,10,1,0
BRDA:70,11,0,0
BRDA:70,11,1,0
BRDA:76,12,0,0
BRDA:76,12,1,0
BRDA:87,13,0,0
BRDA:87,13,1,0
BRDA:87,14,0,0
BRDA:87,14,1,0
BRDA:87,14,2,0
BRDA:88,15,0,0
BRDA:88,15,1,0
BRDA:88,16,0,0
BRDA:88,16,1,0
BRDA:88,16,2,0
BRDA:92,17,0,0
BRDA:92,17,1,0
BRDA:94,18,0,0
BRDA:94,18,1,0
BRDA:94,18,2,0
BRDA:95,19,0,0
BRDA:95,19,1,0
BRDA:112,20,0,0
BRDA:112,20,1,0
BRDA:115,21,0,0
BRDA:115,21,1,0
BRDA:118,22,0,0
BRDA:118,22,1,0
BRDA:118,23,0,0
BRDA:118,23,1,0
BRDA:155,24,0,0
BRDA:155,24,1,0
BRDA:170,25,0,0
BRDA:170,25,1,0
BRDA:173,26,0,0
BRDA:173,26,1,0
BRDA:194,27,0,0
BRDA:194,27,1,0
BRDA:200,28,0,0
BRDA:200,28,1,0
BRDA:202,29,0,0
BRDA:202,29,1,0
BRDA:212,30,0,0
BRDA:212,30,1,0
BRDA:213,31,0,0
BRDA:213,31,1,0
BRDA:214,32,0,0
BRDA:214,32,1,0
BRDA:215,33,0,0
BRDA:215,33,1,0
BRDA:216,34,0,0
BRDA:216,34,1,0
BRDA:219,35,0,0
BRDA:219,35,1,0
BRDA:221,36,0,0
BRDA:221,36,1,0
BRDA:221,37,0,0
BRDA:221,37,1,0
BRDA:230,38,0,0
BRDA:230,38,1,0
BRDA:230,39,0,0
BRDA:230,39,1,0
BRDA:230,39,2,0
BRDA:231,40,0,0
BRDA:231,40,1,0
BRDA:231,41,0,0
BRDA:231,41,1,0
BRDA:231,41,2,0
BRDA:239,42,0,0
BRDA:239,42,1,0
BRDA:244,43,0,0
BRDA:244,43,1,0
BRDA:244,43,2,0
BRDA:244,44,0,0
BRDA:244,44,1,0
BRDA:245,45,0,0
BRDA:245,45,1,0
BRDA:246,46,0,0
BRDA:246,46,1,0
BRDA:247,47,0,0
BRDA:247,47,1,0
BRDA:261,48,0,0
BRDA:263,49,0,0
BRDA:263,49,1,0
BRDA:266,50,0,0
BRDA:266,50,1,0
BRDA:304,51,0,0
BRDA:304,51,1,0
BRF:110
BRH:0
end_of_record
TN:
SF:src\popup\popup.js
FN:2,(anonymous_0)
FN:7,(anonymous_1)
FN:19,(anonymous_2)
FN:30,(anonymous_3)
FN:32,(anonymous_4)
FN:37,(anonymous_5)
FN:38,(anonymous_6)
FN:44,(anonymous_7)
FN:50,(anonymous_8)
FN:55,(anonymous_9)
FN:68,(anonymous_10)
FN:89,(anonymous_11)
FN:106,(anonymous_12)
FN:116,(anonymous_13)
FN:141,(anonymous_14)
FN:143,(anonymous_15)
FN:156,(anonymous_16)
FN:174,(anonymous_17)
FN:192,(anonymous_18)
FNF:19
FNH:0
FNDA:0,(anonymous_0)
FNDA:0,(anonymous_1)
FNDA:0,(anonymous_2)
FNDA:0,(anonymous_3)
FNDA:0,(anonymous_4)
FNDA:0,(anonymous_5)
FNDA:0,(anonymous_6)
FNDA:0,(anonymous_7)
FNDA:0,(anonymous_8)
FNDA:0,(anonymous_9)
FNDA:0,(anonymous_10)
FNDA:0,(anonymous_11)
FNDA:0,(anonymous_12)
FNDA:0,(anonymous_13)
FNDA:0,(anonymous_14)
FNDA:0,(anonymous_15)
FNDA:0,(anonymous_16)
FNDA:0,(anonymous_17)
FNDA:0,(anonymous_18)
DA:3,0
DA:4,0
DA:8,0
DA:9,0
DA:10,0
DA:11,0
DA:12,0
DA:14,0
DA:15,0
DA:20,0
DA:21,0
DA:22,0
DA:24,0
DA:25,0
DA:26,0
DA:32,0
DA:33,0
DA:37,0
DA:38,0
DA:39,0
DA:44,0
DA:45,0
DA:46,0
DA:50,0
DA:51,0
DA:57,0
DA:58,0
DA:59,0
DA:61,0
DA:65,0
DA:69,0
DA:70,0
DA:71,0
DA:76,0
DA:77,0
DA:80,0
DA:82,0
DA:84,0
DA:85,0
DA:90,0
DA:91,0
DA:92,0
DA:97,0
DA:98,0
DA:101,0
DA:102,0
DA:107,0
DA:108,0
DA:111,0
DA:112,0
DA:113,0
DA:114,0
DA:116,0
DA:118,0
DA:119,0
DA:120,0
DA:122,0
DA:123,0
DA:124,0
DA:129,0
DA:132,0
DA:133,0
DA:134,0
DA:137,0
DA:138,0
DA:143,0
DA:144,0
DA:145,0
DA:147,0
DA:148,0
DA:150,0
DA:151,0
DA:157,0
DA:158,0
DA:160,0
DA:161,0
DA:163,0
DA:166,0
DA:171,0
DA:176,0
DA:177,0
DA:189,0
DA:190,0
DA:192,0
DA:193,0
DA:194,0
DA:201,0
LF:87
LH:0
BRDA:22,0,0,0
BRDA:22,0,1,0
BRDA:58,1,0,0
BRDA:58,1,1,0
BRDA:76,2,0,0
BRDA:76,2,1,0
BRDA:76,3,0,0
BRDA:76,3,1,0
BRDA:77,4,0,0
BRDA:77,4,1,0
BRDA:97,5,0,0
BRDA:97,5,1,0
BRDA:97,6,0,0
BRDA:97,6,1,0
BRDA:98,7,0,0
BRDA:98,7,1,0
BRDA:108,8,0,0
BRDA:108,8,1,0
BRDA:118,9,0,0
BRDA:118,9,1,0
BRDA:118,9,2,0
BRDA:120,10,0,0
BRDA:120,10,1,0
BRDA:122,11,0,0
BRDA:122,11,1,0
BRDA:129,12,0,0
BRDA:129,12,1,0
BRDA:132,13,0,0
BRDA:132,13,1,0
BRDA:147,14,0,0
BRDA:147,14,1,0
BRDA:150,15,0,0
BRDA:150,15,1,0
BRDA:160,16,0,0
BRDA:160,16,1,0
BRDA:193,17,0,0
BRDA:193,17,1,0
BRF:37
BRH:0
end_of_record
TN:
SF:src\shared\connection-manager.js
FN:7,(anonymous_0)
FN:25,(anonymous_1)
FN:36,(anonymous_2)
FN:67,(anonymous_3)
FN:100,(anonymous_4)
FN:139,(anonymous_5)
FN:140,(anonymous_6)
FN:141,(anonymous_7)
FN:145,(anonymous_8)
FN:160,(anonymous_9)
FN:161,(anonymous_10)
FN:172,(anonymous_11)
FN:180,(anonymous_12)
FN:192,(anonymous_13)
FN:220,(anonymous_14)
FN:233,(anonymous_15)
FN:251,(anonymous_16)
FN:256,(anonymous_17)
FN:290,(anonymous_18)
FN:300,(anonymous_19)
FN:313,(anonymous_20)
FN:331,(anonymous_21)
FN:339,(anonymous_22)
FN:347,(anonymous_23)
FN:355,(anonymous_24)
FN:363,(anonymous_25)
FN:379,(anonymous_26)
FN:383,(anonymous_27)
FN:393,(anonymous_28)
FN:404,(anonymous_29)
FN:413,(anonymous_30)
FN:422,(anonymous_31)
FNF:32
FNH:0
FNDA:0,(anonymous_0)
FNDA:0,(anonymous_1)
FNDA:0,(anonymous_2)
FNDA:0,(anonymous_3)
FNDA:0,(anonymous_4)
FNDA:0,(anonymous_5)
FNDA:0,(anonymous_6)
FNDA:0,(anonymous_7)
FNDA:0,(anonymous_8)
FNDA:0,(anonymous_9)
FNDA:0,(anonymous_10)
FNDA:0,(anonymous_11)
FNDA:0,(anonymous_12)
FNDA:0,(anonymous_13)
FNDA:0,(anonymous_14)
FNDA:0,(anonymous_15)
FNDA:0,(anonymous_16)
FNDA:0,(anonymous_17)
FNDA:0,(anonymous_18)
FNDA:0,(anonymous_19)
FNDA:0,(anonymous_20)
FNDA:0,(anonymous_21)
FNDA:0,(anonymous_22)
FNDA:0,(anonymous_23)
FNDA:0,(anonymous_24)
FNDA:0,(anonymous_25)
FNDA:0,(anonymous_26)
FNDA:0,(anonymous_27)
FNDA:0,(anonymous_28)
FNDA:0,(anonymous_29)
FNDA:0,(anonymous_30)
FNDA:0,(anonymous_31)
DA:8,0
DA:9,0
DA:10,0
DA:11,0
DA:12,0
DA:13,0
DA:14,0
DA:15,0
DA:16,0
DA:19,0
DA:20,0
DA:22,0
DA:26,0
DA:27,0
DA:28,0
DA:29,0
DA:37,0
DA:39,0
DA:40,0
DA:43,0
DA:44,0
DA:49,0
DA:50,0
DA:51,0
DA:54,0
DA:55,0
DA:57,0
DA:58,0
DA:59,0
DA:60,0
DA:68,0
DA:69,0
DA:72,0
DA:74,0
DA:79,0
DA:80,0
DA:81,0
DA:82,0
DA:83,0
DA:84,0
DA:85,0
DA:88,0
DA:90,0
DA:91,0
DA:92,0
DA:93,0
DA:105,0
DA:108,0
DA:109,0
DA:113,0
DA:114,0
DA:117,0
DA:118,0
DA:121,0
DA:122,0
DA:123,0
DA:124,0
DA:125,0
DA:126,0
DA:127,0
DA:129,0
DA:131,0
DA:140,0
DA:141,0
DA:142,0
DA:145,0
DA:146,0
DA:148,0
DA:149,0
DA:151,0
DA:161,0
DA:162,0
DA:172,0
DA:173,0
DA:174,0
DA:178,0
DA:179,0
DA:180,0
DA:181,0
DA:185,0
DA:193,0
DA:194,0
DA:197,0
DA:199,0
DA:200,0
DA:202,0
DA:203,0
DA:204,0
DA:205,0
DA:208,0
DA:209,0
DA:210,0
DA:212,0
DA:221,0
DA:222,0
DA:225,0
DA:226,0
DA:231,0
DA:233,0
DA:234,0
DA:236,0
DA:237,0
DA:238,0
DA:239,0
DA:242,0
DA:243,0
DA:252,0
DA:253,0
DA:256,0
DA:257,0
DA:258,0
DA:259,0
DA:262,0
DA:263,0
DA:265,0
DA:267,0
DA:271,0
DA:273,0
DA:276,0
DA:277,0
DA:278,0
DA:280,0
DA:281,0
DA:291,0
DA:292,0
DA:293,0
DA:301,0
DA:303,0
DA:304,0
DA:305,0
DA:307,0
DA:308,0
DA:309,0
DA:313,0
DA:314,0
DA:316,0
DA:319,0
DA:322,0
DA:323,0
DA:324,0
DA:332,0
DA:339,0
DA:340,0
DA:348,0
DA:355,0
DA:356,0
DA:364,0
DA:365,0
DA:369,0
DA:370,0
DA:380,0
DA:381,0
DA:383,0
DA:384,0
DA:387,0
DA:394,0
DA:395,0
DA:396,0
DA:397,0
DA:405,0
DA:407,0
DA:408,0
DA:409,0
DA:413,0
DA:414,0
DA:416,0
DA:423,0
DA:433,0
DA:434,0
DA:436,0
LF:170
LH:0
BRDA:27,0,0,0
BRDA:27,0,1,0
BRDA:39,1,0,0
BRDA:39,1,1,0
BRDA:39,2,0,0
BRDA:39,2,1,0
BRDA:43,3,0,0
BRDA:43,3,1,0
BRDA:50,4,0,0
BRDA:50,4,1,0
BRDA:50,5,0,0
BRDA:50,5,1,0
BRDA:68,6,0,0
BRDA:68,6,1,0
BRDA:79,7,0,0
BRDA:79,7,1,0
BRDA:79,8,0,0
BRDA:79,8,1,0
BRDA:100,9,0,0
BRDA:102,10,0,0
BRDA:103,11,0,0
BRDA:104,12,0,0
BRDA:108,13,0,0
BRDA:108,13,1,0
BRDA:113,14,0,0
BRDA:113,14,1,0
BRDA:113,15,0,0
BRDA:113,15,1,0
BRDA:121,16,0,0
BRDA:121,16,1,0
BRDA:124,17,0,0
BRDA:124,17,1,0
BRDA:126,18,0,0
BRDA:126,18,1,0
BRDA:148,19,0,0
BRDA:148,19,1,0
BRDA:168,20,0,0
BRDA:168,20,1,0
BRDA:178,21,0,0
BRDA:178,21,1,0
BRDA:193,22,0,0
BRDA:193,22,1,0
BRDA:208,23,0,0
BRDA:208,23,1,0
BRDA:221,24,0,0
BRDA:221,24,1,0
BRDA:236,25,0,0
BRDA:236,25,1,0
BRDA:238,26,0,0
BRDA:238,26,1,0
BRDA:252,27,0,0
BRDA:252,27,1,0
BRDA:257,28,0,0
BRDA:257,28,1,0
BRDA:265,29,0,0
BRDA:265,29,1,0
BRDA:265,30,0,0
BRDA:265,30,1,0
BRDA:271,31,0,0
BRDA:271,31,1,0
BRDA:271,32,0,0
BRDA:271,32,1,0
BRDA:277,33,0,0
BRDA:277,33,1,0
BRDA:291,34,0,0
BRDA:291,34,1,0
BRDA:307,35,0,0
BRDA:307,35,1,0
BRDA:323,36,0,0
BRDA:323,36,1,0
BRDA:364,37,0,0
BRDA:364,37,1,0
BRDA:369,38,0,0
BRDA:369,38,1,0
BRDA:395,39,0,0
BRDA:395,39,1,0
BRDA:407,40,0,0
BRDA:407,40,1,0
BRDA:433,41,0,0
BRDA:433,41,1,0
BRDA:433,42,0,0
BRDA:433,42,1,0
BRF:82
BRH:0
end_of_record
TN:
SF:src\shared\error-handler.js
FN:7,(anonymous_0)
FN:28,(anonymous_1)
FN:46,(anonymous_2)
FN:50,(anonymous_3)
FN:71,(anonymous_4)
FN:73,(anonymous_5)
FN:89,(anonymous_6)
FN:126,(anonymous_7)
FN:158,(anonymous_8)
FN:164,(anonymous_9)
FN:170,(anonymous_10)
FN:171,(anonymous_11)
FN:177,(anonymous_12)
FN:178,(anonymous_13)
FN:190,(anonymous_14)
FN:209,(anonymous_15)
FN:216,(anonymous_16)
FN:223,(anonymous_17)
FN:226,(anonymous_18)
FN:227,(anonymous_19)
FN:239,(anonymous_20)
FN:259,(anonymous_21)
FN:288,(anonymous_22)
FN:296,(anonymous_23)
FN:297,(anonymous_24)
FN:303,(anonymous_25)
FN:317,(anonymous_26)
FN:330,(anonymous_27)
FN:390,(anonymous_28)
FN:440,(anonymous_29)
FN:443,(anonymous_30)
FNF:31
FNH:0
FNDA:0,(anonymous_0)
FNDA:0,(anonymous_1)
FNDA:0,(anonymous_2)
FNDA:0,(anonymous_3)
FNDA:0,(anonymous_4)
FNDA:0,(anonymous_5)
FNDA:0,(anonymous_6)
FNDA:0,(anonymous_7)
FNDA:0,(anonymous_8)
FNDA:0,(anonymous_9)
FNDA:0,(anonymous_10)
FNDA:0,(anonymous_11)
FNDA:0,(anonymous_12)
FNDA:0,(anonymous_13)
FNDA:0,(anonymous_14)
FNDA:0,(anonymous_15)
FNDA:0,(anonymous_16)
FNDA:0,(anonymous_17)
FNDA:0,(anonymous_18)
FNDA:0,(anonymous_19)
FNDA:0,(anonymous_20)
FNDA:0,(anonymous_21)
FNDA:0,(anonymous_22)
FNDA:0,(anonymous_23)
FNDA:0,(anonymous_24)
FNDA:0,(anonymous_25)
FNDA:0,(anonymous_26)
FNDA:0,(anonymous_27)
FNDA:0,(anonymous_28)
FNDA:0,(anonymous_29)
FNDA:0,(anonymous_30)
DA:8,0
DA:9,0
DA:10,0
DA:11,0
DA:14,0
DA:25,0
DA:29,0
DA:30,0
DA:34,0
DA:37,0
DA:39,0
DA:40,0
DA:47,0
DA:48,0
DA:50,0
DA:51,0
DA:59,0
DA:60,0
DA:63,0
DA:72,0
DA:73,0
DA:74,0
DA:78,0
DA:90,0
DA:91,0
DA:93,0
DA:106,0
DA:107,0
DA:108,0
DA:112,0
DA:115,0
DA:118,0
DA:120,0
DA:127,0
DA:129,0
DA:131,0
DA:132,0
DA:135,0
DA:136,0
DA:139,0
DA:140,0
DA:142,0
DA:143,0
DA:145,0
DA:146,0
DA:149,0
DA:152,0
DA:159,0
DA:160,0
DA:163,0
DA:164,0
DA:171,0
DA:178,0
DA:179,0
DA:180,0
DA:182,0
DA:191,0
DA:192,0
DA:193,0
DA:194,0
DA:196,0
DA:197,0
DA:202,0
DA:210,0
DA:217,0
DA:224,0
DA:226,0
DA:227,0
DA:230,0
DA:231,0
DA:233,0
DA:247,0
DA:249,0
DA:251,0
DA:252,0
DA:253,0
DA:255,0
DA:258,0
DA:259,0
DA:262,0
DA:263,0
DA:268,0
DA:272,0
DA:273,0
DA:277,0
DA:278,0
DA:279,0
DA:281,0
DA:285,0
DA:288,0
DA:297,0
DA:298,0
DA:299,0
DA:301,0
DA:304,0
DA:309,0
DA:324,0
DA:326,0
DA:327,0
DA:328,0
DA:330,0
DA:332,0
DA:333,0
DA:334,0
DA:336,0
DA:337,0
DA:338,0
DA:339,0
DA:340,0
DA:342,0
DA:345,0
DA:346,0
DA:348,0
DA:352,0
DA:353,0
DA:355,0
DA:356,0
DA:358,0
DA:359,0
DA:361,0
DA:362,0
DA:363,0
DA:364,0
DA:365,0
DA:367,0
DA:372,0
DA:378,0
DA:379,0
DA:382,0
DA:391,0
DA:392,0
DA:396,0
DA:397,0
DA:398,0
DA:399,0
DA:400,0
DA:409,0
DA:413,0
DA:414,0
DA:415,0
DA:431,0
DA:437,0
DA:440,0
DA:441,0
DA:442,0
DA:443,0
DA:446,0
DA:451,0
DA:452,0
DA:454,0
LF:150
LH:0
BRDA:29,0,0,0
BRDA:29,0,1,0
BRDA:47,1,0,0
BRDA:47,1,1,0
BRDA:51,2,0,0
BRDA:51,2,1,0
BRDA:59,3,0,0
BRDA:59,3,1,0
BRDA:72,4,0,0
BRDA:72,4,1,0
BRDA:74,5,0,0
BRDA:74,5,1,0
BRDA:89,6,0,0
BRDA:107,7,0,0
BRDA:107,7,1,0
BRDA:127,8,0,0
BRDA:127,8,1,0
BRDA:129,9,0,0
BRDA:129,9,1,0
BRDA:129,10,0,0
BRDA:129,10,1,0
BRDA:132,11,0,0
BRDA:132,11,1,0
BRDA:132,12,0,0
BRDA:132,12,1,0
BRDA:132,12,2,0
BRDA:136,13,0,0
BRDA:136,13,1,0
BRDA:136,14,0,0
BRDA:136,14,1,0
BRDA:136,14,2,0
BRDA:140,15,0,0
BRDA:140,15,1,0
BRDA:140,16,0,0
BRDA:140,16,1,0
BRDA:143,17,0,0
BRDA:143,17,1,0
BRDA:143,18,0,0
BRDA:143,18,1,0
BRDA:146,19,0,0
BRDA:146,19,1,0
BRDA:146,20,0,0
BRDA:146,20,1,0
BRDA:146,20,2,0
BRDA:159,21,0,0
BRDA:159,21,1,0
BRDA:192,22,0,0
BRDA:192,22,1,0
BRDA:239,23,0,0
BRDA:241,24,0,0
BRDA:242,25,0,0
BRDA:243,26,0,0
BRDA:244,27,0,0
BRDA:245,28,0,0
BRDA:246,29,0,0
BRDA:258,30,0,0
BRDA:258,30,1,0
BRDA:262,31,0,0
BRDA:262,31,1,0
BRDA:262,32,0,0
BRDA:262,32,1,0
BRDA:273,33,0,0
BRDA:273,33,1,0
BRDA:277,34,0,0
BRDA:277,34,1,0
BRDA:296,35,0,0
BRDA:304,36,0,0
BRDA:304,36,1,0
BRDA:305,37,0,0
BRDA:305,37,1,0
BRDA:317,38,0,0
BRDA:319,39,0,0
BRDA:320,40,0,0
BRDA:321,41,0,0
BRDA:322,42,0,0
BRDA:323,43,0,0
BRDA:332,44,0,0
BRDA:332,44,1,0
BRDA:334,45,0,0
BRDA:334,45,1,0
BRDA:338,46,0,0
BRDA:338,46,1,0
BRDA:345,47,0,0
BRDA:345,47,1,0
BRDA:361,48,0,0
BRDA:361,48,1,0
BRDA:363,49,0,0
BRDA:363,49,1,0
BRDA:378,50,0,0
BRDA:378,50,1,0
BRDA:378,51,0,0
BRDA:378,51,1,0
BRDA:390,52,0,0
BRDA:391,53,0,0
BRDA:391,53,1,0
BRDA:397,54,0,0
BRDA:397,54,1,0
BRDA:451,55,0,0
BRDA:451,55,1,0
BRDA:451,56,0,0
BRDA:451,56,1,0
BRF:101
BRH:0
end_of_record
TN:
SF:src\shared\fallback-storage.js
FN:7,(anonymous_0)
FN:19,(anonymous_1)
FN:25,(anonymous_2)
FN:28,(anonymous_3)
FN:33,(anonymous_4)
FN:40,(anonymous_5)
FN:68,(anonymous_6)
FN:86,(anonymous_7)
FN:89,(anonymous_8)
FN:102,(anonymous_9)
FN:123,(anonymous_10)
FN:133,(anonymous_11)
FN:148,(anonymous_12)
FN:151,(anonymous_13)
FN:156,(anonymous_14)
FN:161,(anonymous_15)
FN:171,(anonymous_16)
FN:174,(anonymous_17)
FN:179,(anonymous_18)
FN:183,(anonymous_19)
FN:190,(anonymous_20)
FN:200,(anonymous_21)
FN:215,(anonymous_22)
FN:255,(anonymous_23)
FN:297,(anonymous_24)
FN:304,(anonymous_25)
FN:312,(anonymous_26)
FN:324,(anonymous_27)
FN:334,(anonymous_28)
FN:353,(anonymous_29)
FN:363,(anonymous_30)
FN:364,(anonymous_31)
FN:369,(anonymous_32)
FN:370,(anonymous_33)
FN:377,(anonymous_34)
FN:378,(anonymous_35)
FN:383,(anonymous_36)
FN:384,(anonymous_37)
FN:391,(anonymous_38)
FN:403,(anonymous_39)
FN:406,(anonymous_40)
FN:412,(anonymous_41)
FN:417,(anonymous_42)
FNF:43
FNH:0
FNDA:0,(anonymous_0)
FNDA:0,(anonymous_1)
FNDA:0,(anonymous_2)
FNDA:0,(anonymous_3)
FNDA:0,(anonymous_4)
FNDA:0,(anonymous_5)
FNDA:0,(anonymous_6)
FNDA:0,(anonymous_7)
FNDA:0,(anonymous_8)
FNDA:0,(anonymous_9)
FNDA:0,(anonymous_10)
FNDA:0,(anonymous_11)
FNDA:0,(anonymous_12)
FNDA:0,(anonymous_13)
FNDA:0,(anonymous_14)
FNDA:0,(anonymous_15)
FNDA:0,(anonymous_16)
FNDA:0,(anonymous_17)
FNDA:0,(anonymous_18)
FNDA:0,(anonymous_19)
FNDA:0,(anonymous_20)
FNDA:0,(anonymous_21)
FNDA:0,(anonymous_22)
FNDA:0,(anonymous_23)
FNDA:0,(anonymous_24)
FNDA:0,(anonymous_25)
FNDA:0,(anonymous_26)
FNDA:0,(anonymous_27)
FNDA:0,(anonymous_28)
FNDA:0,(anonymous_29)
FNDA:0,(anonymous_30)
FNDA:0,(anonymous_31)
FNDA:0,(anonymous_32)
FNDA:0,(anonymous_33)
FNDA:0,(anonymous_34)
FNDA:0,(anonymous_35)
FNDA:0,(anonymous_36)
FNDA:0,(anonymous_37)
FNDA:0,(anonymous_38)
FNDA:0,(anonymous_39)
FNDA:0,(anonymous_40)
FNDA:0,(anonymous_41)
FNDA:0,(anonymous_42)
DA:8,0
DA:9,0
DA:10,0
DA:11,0
DA:12,0
DA:13,0
DA:20,0
DA:21,0
DA:24,0
DA:25,0
DA:26,0
DA:28,0
DA:29,0
DA:30,0
DA:33,0
DA:34,0
DA:35,0
DA:36,0
DA:37,0
DA:40,0
DA:41,0
DA:44,0
DA:45,0
DA:46,0
DA:47,0
DA:48,0
DA:52,0
DA:53,0
DA:56,0
DA:60,0
DA:61,0
DA:69,0
DA:71,0
DA:72,0
DA:80,0
DA:87,0
DA:89,0
DA:90,0
DA:91,0
DA:92,0
DA:95,0
DA:96,0
DA:97,0
DA:99,0
DA:102,0
DA:103,0
DA:104,0
DA:105,0
DA:108,0
DA:109,0
DA:110,0
DA:111,0
DA:114,0
DA:117,0
DA:119,0
DA:123,0
DA:124,0
DA:125,0
DA:134,0
DA:136,0
DA:142,0
DA:149,0
DA:151,0
DA:152,0
DA:153,0
DA:154,0
DA:156,0
DA:157,0
DA:158,0
DA:161,0
DA:162,0
DA:163,0
DA:172,0
DA:174,0
DA:175,0
DA:176,0
DA:177,0
DA:179,0
DA:180,0
DA:181,0
DA:183,0
DA:184,0
DA:187,0
DA:190,0
DA:191,0
DA:192,0
DA:201,0
DA:202,0
DA:203,0
DA:206,0
DA:207,0
DA:210,0
DA:211,0
DA:212,0
DA:215,0
DA:216,0
DA:218,0
DA:219,0
DA:222,0
DA:223,0
DA:226,0
DA:227,0
DA:230,0
DA:234,0
DA:235,0
DA:239,0
DA:240,0
DA:241,0
DA:242,0
DA:245,0
DA:247,0
DA:248,0
DA:256,0
DA:257,0
DA:258,0
DA:261,0
DA:262,0
DA:265,0
DA:266,0
DA:267,0
DA:269,0
DA:270,0
DA:271,0
DA:275,0
DA:279,0
DA:280,0
DA:281,0
DA:282,0
DA:286,0
DA:287,0
DA:289,0
DA:290,0
DA:298,0
DA:300,0
DA:301,0
DA:302,0
DA:304,0
DA:305,0
DA:306,0
DA:307,0
DA:308,0
DA:310,0
DA:312,0
DA:313,0
DA:314,0
DA:315,0
DA:316,0
DA:317,0
DA:319,0
DA:320,0
DA:324,0
DA:325,0
DA:326,0
DA:335,0
DA:337,0
DA:338,0
DA:340,0
DA:354,0
DA:355,0
DA:358,0
DA:359,0
DA:364,0
DA:365,0
DA:366,0
DA:367,0
DA:369,0
DA:370,0
DA:371,0
DA:372,0
DA:378,0
DA:379,0
DA:380,0
DA:381,0
DA:383,0
DA:384,0
DA:385,0
DA:386,0
DA:392,0
DA:393,0
DA:394,0
DA:396,0
DA:404,0
DA:406,0
DA:407,0
DA:409,0
DA:410,0
DA:412,0
DA:413,0
DA:414,0
DA:417,0
DA:418,0
DA:419,0
DA:426,0
DA:427,0
DA:429,0
LF:195
LH:0
BRDA:20,0,0,0
BRDA:20,0,1,0
BRDA:44,1,0,0
BRDA:44,1,1,0
BRDA:52,2,0,0
BRDA:52,2,1,0
BRDA:86,3,0,0
BRDA:86,4,0,0
BRDA:95,5,0,0
BRDA:95,5,1,0
BRDA:104,6,0,0
BRDA:104,6,1,0
BRDA:108,7,0,0
BRDA:108,7,1,0
BRDA:110,8,0,0
BRDA:110,8,1,0
BRDA:110,9,0,0
BRDA:110,9,1,0
BRDA:158,10,0,0
BRDA:158,10,1,0
BRDA:180,11,0,0
BRDA:180,11,1,0
BRDA:201,12,0,0
BRDA:201,12,1,0
BRDA:211,13,0,0
BRDA:211,13,1,0
BRDA:218,14,0,0
BRDA:218,14,1,0
BRDA:222,15,0,0
BRDA:222,15,1,0
BRDA:226,16,0,0
BRDA:226,16,1,0
BRDA:240,17,0,0
BRDA:240,17,1,0
BRDA:256,18,0,0
BRDA:256,18,1,0
BRDA:266,19,0,0
BRDA:266,19,1,0
BRDA:281,20,0,0
BRDA:281,20,1,0
BRDA:297,21,0,0
BRDA:314,22,0,0
BRDA:314,22,1,0
BRDA:354,23,0,0
BRDA:354,23,1,0
BRDA:358,24,0,0
BRDA:358,24,1,0
BRDA:394,25,0,0
BRDA:394,25,1,0
BRDA:426,26,0,0
BRDA:426,26,1,0
BRDA:426,27,0,0
BRDA:426,27,1,0
BRF:53
BRH:0
end_of_record
TN:
SF:src\shared\index.js
FN:18,(anonymous_0)
FN:30,(anonymous_1)
FN:81,(anonymous_2)
FN:95,(anonymous_3)
FN:110,(anonymous_4)
FN:119,(anonymous_5)
FN:130,(anonymous_6)
FN:154,(anonymous_7)
FN:156,(anonymous_8)
FN:159,(anonymous_9)
FN:162,(anonymous_10)
FN:165,(anonymous_11)
FN:174,(anonymous_12)
FN:176,(anonymous_13)
FN:179,(anonymous_14)
FN:182,(anonymous_15)
FN:186,(anonymous_16)
FN:195,(anonymous_17)
FN:204,(anonymous_18)
FN:208,(anonymous_19)
FN:212,(anonymous_20)
FN:213,(anonymous_21)
FN:214,(anonymous_22)
FN:215,(anonymous_23)
FN:216,(anonymous_24)
FN:217,(anonymous_25)
FN:226,(anonymous_26)
FN:237,(anonymous_27)
FN:248,(anonymous_28)
FN:262,(anonymous_29)
FN:274,(anonymous_30)
FN:275,(anonymous_31)
FNF:32
FNH:0
FNDA:0,(anonymous_0)
FNDA:0,(anonymous_1)
FNDA:0,(anonymous_2)
FNDA:0,(anonymous_3)
FNDA:0,(anonymous_4)
FNDA:0,(anonymous_5)
FNDA:0,(anonymous_6)
FNDA:0,(anonymous_7)
FNDA:0,(anonymous_8)
FNDA:0,(anonymous_9)
FNDA:0,(anonymous_10)
FNDA:0,(anonymous_11)
FNDA:0,(anonymous_12)
FNDA:0,(anonymous_13)
FNDA:0,(anonymous_14)
FNDA:0,(anonymous_15)
FNDA:0,(anonymous_16)
FNDA:0,(anonymous_17)
FNDA:0,(anonymous_18)
FNDA:0,(anonymous_19)
FNDA:0,(anonymous_20)
FNDA:0,(anonymous_21)
FNDA:0,(anonymous_22)
FNDA:0,(anonymous_23)
FNDA:0,(anonymous_24)
FNDA:0,(anonymous_25)
FNDA:0,(anonymous_26)
FNDA:0,(anonymous_27)
FNDA:0,(anonymous_28)
FNDA:0,(anonymous_29)
FNDA:0,(anonymous_30)
FNDA:0,(anonymous_31)
DA:8,0
DA:19,0
DA:20,0
DA:22,0
DA:23,0
DA:26,0
DA:27,0
DA:31,0
DA:32,0
DA:35,0
DA:36,0
DA:37,0
DA:41,0
DA:44,0
DA:45,0
DA:51,0
DA:52,0
DA:56,0
DA:57,0
DA:62,0
DA:63,0
DA:68,0
DA:69,0
DA:71,0
DA:73,0
DA:76,0
DA:77,0
DA:78,0
DA:79,0
DA:81,0
DA:82,0
DA:83,0
DA:87,0
DA:88,0
DA:96,0
DA:97,0
DA:99,0
DA:101,0
DA:102,0
DA:103,0
DA:105,0
DA:106,0
DA:107,0
DA:110,0
DA:113,0
DA:120,0
DA:121,0
DA:123,0
DA:131,0
DA:133,0
DA:134,0
DA:137,0
DA:138,0
DA:141,0
DA:142,0
DA:145,0
DA:146,0
DA:148,0
DA:155,0
DA:157,0
DA:160,0
DA:163,0
DA:166,0
DA:175,0
DA:177,0
DA:180,0
DA:183,0
DA:184,0
DA:187,0
DA:188,0
DA:196,0
DA:205,0
DA:209,0
DA:210,0
DA:214,0
DA:215,0
DA:218,0
DA:227,0
DA:228,0
DA:231,0
DA:238,0
DA:239,0
DA:242,0
DA:249,0
DA:263,0
DA:264,0
DA:265,0
DA:266,0
DA:268,0
DA:269,0
DA:274,0
DA:275,0
DA:276,0
DA:281,0
DA:282,0
DA:284,0
DA:287,0
LF:97
LH:0
BRDA:19,0,0,0
BRDA:19,0,1,0
BRDA:22,1,0,0
BRDA:22,1,1,0
BRDA:35,2,0,0
BRDA:35,2,1,0
BRDA:44,3,0,0
BRDA:44,3,1,0
BRDA:45,4,0,0
BRDA:45,4,1,0
BRDA:51,5,0,0
BRDA:51,5,1,0
BRDA:52,6,0,0
BRDA:52,6,1,0
BRDA:56,7,0,0
BRDA:56,7,1,0
BRDA:56,8,0,0
BRDA:56,8,1,0
BRDA:62,9,0,0
BRDA:62,9,1,0
BRDA:63,10,0,0
BRDA:63,10,1,0
BRDA:76,11,0,0
BRDA:76,11,1,0
BRDA:105,12,0,0
BRDA:105,12,1,0
BRDA:105,13,0,0
BRDA:105,13,1,0
BRDA:105,13,2,0
BRDA:121,14,0,0
BRDA:121,14,1,0
BRDA:121,14,2,0
BRDA:133,15,0,0
BRDA:133,15,1,0
BRDA:137,16,0,0
BRDA:137,16,1,0
BRDA:141,17,0,0
BRDA:141,17,1,0
BRDA:227,18,0,0
BRDA:227,18,1,0
BRDA:231,19,0,0
BRDA:231,19,1,0
BRDA:238,20,0,0
BRDA:238,20,1,0
BRDA:281,21,0,0
BRDA:281,21,1,0
BRDA:281,22,0,0
BRDA:281,22,1,0
BRF:48
BRH:0
end_of_record
